07-29-2019 10:31:00.909,-,AT,"XBEE_B,0013A20041531346,XBEE 802.15.4,10EF,COM11 - 9600/8/N/1/N,1,23"

7E000A830000330001000F000F2A
7E000A830000350001000F000F28
7E000A830000360001000F000F27
7E000A830000300001000F000E2E
7E000A8300003A0001000F000E24
7E000A8300003B0001000F000E23
7E000A8300002F0001000F000F2E
7E000A830000310001000F000F2C
7E000A830000340001000F000D2B
7E000A8300003B0001000F000D24
7E000A8300003A0001000F000D25
7E000A830000350001000F000D2A
7E000A8300002D0001000F000F30
7E000A8300003B0001000F000F22
7E000A830000360001000F000F27
7E000A8300003F0001000F000B22
7E000A830000450001000F000B1C
7E000A830000350001000F000F28
7E000A830000390001000F00072C
7E000A830000390001000F00072C
7E000A8300002C0001000F000F31
7E000A8300002C0001000F000F31
