07-25-2019 16:05:05.427,-,SERIAL,"COM10 - 9600/8/N/1/N"

7E000A8300003400010010001027
7E000A8300002F0001001000102C
7E000A830000300001001000102B
7E000A830000300001001000102B
7E000A8300004300010010001018
7E000A8300003700010010001024
7E000A8300003B00010010001020
7E000A8300003900010010001022
7E000A8300004800010010001013
7E000A8300003A00010010001021
7E000A8300003800010010001023
7E000A8300003500010010001026
7E000A8300003200010010000039
7E000A8300003300010010000038
7E000A8300003200010010000039
7E000A8300003300010010000038
7E000A8300003200010010000039
7E000A8300003200010010000039
7E000A8300003300010010001028
7E000A830000300001001000102B
7E000A830000300001001000102B
7E000A8300002F0001001000102C
7E000A8300003200010010000039
7E000A8300003200010010000039
7E000A8300003300010010000038
7E000A8300003400010010000037
7E000A830000310001001000102A
7E000A8300003400010010000037
7E000A8300003500010010000036
7E000A8300003400010010000037
7E000A8300003700010010000034
7E000A8300003200010010001029
